<?xml version="1.0" encoding="UTF-8"?>
<coverage generated="1577039457873" clover="3.2.0">
  <project timestamp="1577039457873" name="All files">
    <metrics statements="3" coveredstatements="3" conditionals="0" coveredconditionals="0" methods="0" coveredmethods="0" elements="3" coveredelements="3" complexity="0" loc="3" ncloc="3" packages="1" files="1" classes="1"/>
    <file name="Entry.js" path="C:\Users\Dan\Documents\alchemy\career-track\labs\lab-15-address-book\lib\models\Entry.js">
      <metrics statements="3" coveredstatements="3" conditionals="0" coveredconditionals="0" methods="0" coveredmethods="0"/>
      <line num="1" count="1" type="stmt"/>
      <line num="3" count="1" type="stmt"/>
      <line num="28" count="1" type="stmt"/>
    </file>
  </project>
</coverage>
