TN:
SF:C:\Users\Dan\Documents\alchemy\career-track\labs\lab-15-address-book\lib\app.js
FNF:0
FNH:0
DA:1,1
DA:2,1
DA:4,1
DA:6,1
DA:8,1
DA:9,1
DA:11,1
DA:12,1
DA:14,1
LF:9
LH:9
BRF:0
BRH:0
end_of_record
TN:
SF:C:\Users\Dan\Documents\alchemy\career-track\labs\lab-15-address-book\lib\middleware\error.js
FN:4,(anonymous_0)
FNF:1
FNH:1
FNDA:2,(anonymous_0)
DA:1,1
DA:4,1
DA:5,2
DA:7,2
DA:9,0
DA:12,2
DA:14,2
DA:16,2
LF:8
LH:7
BRDA:5,0,0,2
BRDA:5,0,1,0
BRDA:7,1,0,0
BRDA:7,1,1,2
BRDA:7,2,0,2
BRDA:7,2,1,2
BRF:6
BRH:4
end_of_record
TN:
SF:C:\Users\Dan\Documents\alchemy\career-track\labs\lab-15-address-book\lib\middleware\not-found.js
FN:1,(anonymous_0)
FNF:1
FNH:0
FNDA:0,(anonymous_0)
DA:1,1
DA:2,0
DA:3,0
DA:4,0
LF:4
LH:1
BRF:0
BRH:0
end_of_record
TN:
SF:C:\Users\Dan\Documents\alchemy\career-track\labs\lab-15-address-book\lib\models\Entry.js
FNF:0
FNH:0
DA:1,1
DA:3,1
DA:28,1
LF:3
LH:3
BRF:0
BRH:0
end_of_record
TN:
SF:C:\Users\Dan\Documents\alchemy\career-track\labs\lab-15-address-book\lib\models\User.js
FN:20,(anonymous_0)
FN:26,(anonymous_1)
FN:30,(anonymous_2)
FN:48,(anonymous_3)
FNF:4
FNH:4
FNDA:4,(anonymous_0)
FNDA:5,(anonymous_1)
FNDA:3,(anonymous_2)
FNDA:2,(anonymous_3)
DA:1,1
DA:2,1
DA:3,1
DA:5,1
DA:21,4
DA:26,1
DA:27,5
DA:30,1
DA:31,3
DA:32,3
DA:33,1
DA:34,1
DA:35,1
DA:38,2
DA:39,2
DA:40,1
DA:41,1
DA:42,1
DA:45,1
DA:48,1
DA:49,2
DA:52,1
LF:22
LH:22
BRDA:32,0,0,1
BRDA:32,0,1,2
BRDA:39,1,0,1
BRDA:39,1,1,1
BRF:4
BRH:4
end_of_record
TN:
SF:C:\Users\Dan\Documents\alchemy\career-track\labs\lab-15-address-book\lib\routes\auth.js
FN:5,(anonymous_0)
FN:8,(anonymous_1)
FN:16,(anonymous_2)
FN:19,(anonymous_3)
FNF:4
FNH:4
FNDA:1,(anonymous_0)
FNDA:1,(anonymous_1)
FNDA:3,(anonymous_2)
FNDA:1,(anonymous_3)
DA:1,1
DA:2,1
DA:4,1
DA:6,1
DA:9,1
DA:12,1
DA:17,3
DA:20,1
DA:23,1
LF:9
LH:9
BRF:0
BRH:0
end_of_record
TN:
SF:C:\Users\Dan\Documents\alchemy\career-track\labs\lab-15-address-book\lib\routes\entry.js
FN:5,(anonymous_0)
FN:8,(anonymous_1)
FN:11,(anonymous_2)
FN:14,(anonymous_3)
FN:17,(anonymous_4)
FN:20,(anonymous_5)
FN:23,(anonymous_6)
FN:26,(anonymous_7)
FN:29,(anonymous_8)
FN:32,(anonymous_9)
FNF:10
FNH:0
FNDA:0,(anonymous_0)
FNDA:0,(anonymous_1)
FNDA:0,(anonymous_2)
FNDA:0,(anonymous_3)
FNDA:0,(anonymous_4)
FNDA:0,(anonymous_5)
FNDA:0,(anonymous_6)
FNDA:0,(anonymous_7)
FNDA:0,(anonymous_8)
FNDA:0,(anonymous_9)
DA:1,1
DA:2,1
DA:4,1
DA:6,0
DA:8,0
DA:12,0
DA:14,0
DA:18,0
DA:20,0
DA:24,0
DA:26,0
DA:30,0
DA:32,0
LF:13
LH:3
BRF:0
BRH:0
end_of_record
TN:
SF:C:\Users\Dan\Documents\alchemy\career-track\labs\lab-15-address-book\lib\utils\connect.js
FN:4,(anonymous_0)
FN:12,(anonymous_1)
FN:18,(anonymous_2)
FN:22,(anonymous_3)
FNF:4
FNH:3
FNDA:1,(anonymous_0)
FNDA:1,(anonymous_1)
FNDA:1,(anonymous_2)
FNDA:0,(anonymous_3)
DA:1,1
DA:2,1
DA:4,1
DA:5,1
DA:12,1
DA:13,1
DA:14,1
DA:15,1
DA:18,1
DA:19,1
DA:22,1
DA:23,0
LF:12
LH:11
BRDA:4,0,0,1
BRF:1
BRH:1
end_of_record
